# JRE version: OpenJDK Runtime Environment Temurin-21.0.9+10 (21.0.9+10) (build 21.0.9+10-LTS)
# Java VM: OpenJDK 64-Bit Server VM Temurin-21.0.9+10 (21.0.9+10-LTS, mixed mode, sharing, tiered, compressed oops, compressed class ptrs, parallel gc, windows-amd64)
GC Precious Log:
 CardTable entry size: 512
 CPUs: 12 total, 12 available
 Memory: 7498M
 Large Page Support: Disabled
 NUMA Support: Disabled
 Compressed Oops: Enabled (32-bit)
 Alignments: Space 512K, Generation 512K, Heap 2M
 Heap Min Capacity: 100M
 Heap Initial Capacity: 100M
 Heap Max Capacity: 2G
 Pre-touch: Disabled
 Parallel Workers: 10
Heap:
 PSYoungGen      total 10240K, used 6013K [0x00000000d5580000, 0x00000000d6100000, 0x0000000100000000)
  eden space 9728K, 56% used [0x00000000d5580000,0x00000000d5ae7640,0x00000000d5f00000)
  from space 512K, 93% used [0x00000000d5f00000,0x00000000d5f78020,0x00000000d5f80000)
  to   space 512K, 0% used [0x00000000d6080000,0x00000000d6080000,0x00000000d6100000)
 ParOldGen       total 751104K, used 750860K [0x0000000080000000, 0x00000000add80000, 0x00000000d5580000)
  object space 751104K, 99% used [0x0000000080000000,0x00000000add43358,0x00000000add80000)
 Metaspace       used 80053K, committed 81856K, reserved 1179648K
  class space    used 9777K, committed 10624K, reserved 1048576K
GC Heap History (20 events):
Event: 187.383 GC heap before
{Heap before GC invocations=2849 (full 4):
 PSYoungGen      total 12288K, used 12192K [0x00000000d5580000, 0x00000000d6280000, 0x0000000100000000)
  eden space 11776K, 100% used [0x00000000d5580000,0x00000000d6100000,0x00000000d6100000)
  from space 512K, 81% used [0x00000000d6180000,0x00000000d61e8000,0x00000000d6200000)
  to   space 512K, 0% used [0x00000000d6200000,0x00000000d6200000,0x00000000d6280000)
 ParOldGen       total 747008K, used 746986K [0x0000000080000000, 0x00000000ad980000, 0x00000000d5580000)
  object space 747008K, 99% used [0x0000000080000000,0x00000000ad97a890,0x00000000ad980000)
 Metaspace       used 79300K, committed 81024K, reserved 1179648K
  class space    used 9702K, committed 10496K, reserved 1048576K
}
Event: 187.400 GC heap after
{Heap after GC invocations=2849 (full 4):
 PSYoungGen      total 10240K, used 512K [0x00000000d5580000, 0x00000000d6700000, 0x0000000100000000)
  eden space 9728K, 0% used [0x00000000d5580000,0x00000000d5580000,0x00000000d5f00000)
  from space 512K, 100% used [0x00000000d6200000,0x00000000d6280000,0x00000000d6280000)
  to   space 3072K, 0% used [0x00000000d5f00000,0x00000000d5f00000,0x00000000d6200000)
 ParOldGen       total 749056K, used 749029K [0x0000000080000000, 0x00000000adb80000, 0x00000000d5580000)
  object space 749056K, 99% used [0x0000000080000000,0x00000000adb795d8,0x00000000adb80000)
 Metaspace       used 79300K, committed 81024K, reserved 1179648K
  class space    used 9702K, committed 10496K, reserved 1048576K
}
Event: 187.416 GC heap before
{Heap before GC invocations=2850 (full 4):
 PSYoungGen      total 10240K, used 10240K [0x00000000d5580000, 0x00000000d6700000, 0x0000000100000000)
  eden space 9728K, 100% used [0x00000000d5580000,0x00000000d5f00000,0x00000000d5f00000)
  from space 512K, 100% used [0x00000000d6200000,0x00000000d6280000,0x00000000d6280000)
  to   space 3072K, 0% used [0x00000000d5f00000,0x00000000d5f00000,0x00000000d6200000)
 ParOldGen       total 749056K, used 749029K [0x0000000080000000, 0x00000000adb80000, 0x00000000d5580000)
  object space 749056K, 99% used [0x0000000080000000,0x00000000adb795d8,0x00000000adb80000)
 Metaspace       used 79300K, committed 81024K, reserved 1179648K
  class space    used 9702K, committed 10496K, reserved 1048576K
}
Event: 187.419 GC heap after
{Heap after GC invocations=2850 (full 4):
 PSYoungGen      total 10240K, used 352K [0x00000000d5580000, 0x00000000d6280000, 0x0000000100000000)
  eden space 9728K, 0% used [0x00000000d5580000,0x00000000d5580000,0x00000000d5f00000)
  from space 512K, 68% used [0x00000000d5f00000,0x00000000d5f58000,0x00000000d5f80000)
  to   space 1536K, 0% used [0x00000000d6100000,0x00000000d6100000,0x00000000d6280000)
 ParOldGen       total 749568K, used 749565K [0x0000000080000000, 0x00000000adc00000, 0x00000000d5580000)
  object space 749568K, 99% used [0x0000000080000000,0x00000000adbff5d8,0x00000000adc00000)
 Metaspace       used 79300K, committed 81024K, reserved 1179648K
  class space    used 9702K, committed 10496K, reserved 1048576K
}
Event: 187.452 GC heap before
{Heap before GC invocations=2851 (full 4):
 PSYoungGen      total 10240K, used 10080K [0x00000000d5580000, 0x00000000d6280000, 0x0000000100000000)
  eden space 9728K, 100% used [0x00000000d5580000,0x00000000d5f00000,0x00000000d5f00000)
  from space 512K, 68% used [0x00000000d5f00000,0x00000000d5f58000,0x00000000d5f80000)
  to   space 1536K, 0% used [0x00000000d6100000,0x00000000d6100000,0x00000000d6280000)
 ParOldGen       total 749568K, used 749565K [0x0000000080000000, 0x00000000adc00000, 0x00000000d5580000)
  object space 749568K, 99% used [0x0000000080000000,0x00000000adbff5d8,0x00000000adc00000)
 Metaspace       used 79300K, committed 81024K, reserved 1179648K
  class space    used 9702K, committed 10496K, reserved 1048576K
}
Event: 187.455 GC heap after
{Heap after GC invocations=2851 (full 4):
 PSYoungGen      total 10240K, used 384K [0x00000000d5580000, 0x00000000d6180000, 0x0000000100000000)
  eden space 9728K, 0% used [0x00000000d5580000,0x00000000d5580000,0x00000000d5f00000)
  from space 512K, 75% used [0x00000000d6100000,0x00000000d6160000,0x00000000d6180000)
  to   space 512K, 0% used [0x00000000d5f00000,0x00000000d5f00000,0x00000000d5f80000)
 ParOldGen       total 750080K, used 749765K [0x0000000080000000, 0x00000000adc80000, 0x00000000d5580000)
  object space 750080K, 99% used [0x0000000080000000,0x00000000adc315d8,0x00000000adc80000)
 Metaspace       used 79300K, committed 81024K, reserved 1179648K
  class space    used 9702K, committed 10496K, reserved 1048576K
}
Event: 187.488 GC heap before
{Heap before GC invocations=2852 (full 4):
 PSYoungGen      total 10240K, used 10112K [0x00000000d5580000, 0x00000000d6180000, 0x0000000100000000)
  eden space 9728K, 100% used [0x00000000d5580000,0x00000000d5f00000,0x00000000d5f00000)
  from space 512K, 75% used [0x00000000d6100000,0x00000000d6160000,0x00000000d6180000)
  to   space 512K, 0% used [0x00000000d5f00000,0x00000000d5f00000,0x00000000d5f80000)
 ParOldGen       total 750080K, used 749765K [0x0000000080000000, 0x00000000adc80000, 0x00000000d5580000)
  object space 750080K, 99% used [0x0000000080000000,0x00000000adc315d8,0x00000000adc80000)
 Metaspace       used 79300K, committed 81024K, reserved 1179648K
  class space    used 9702K, committed 10496K, reserved 1048576K
}
Event: 187.490 GC heap after
{Heap after GC invocations=2852 (full 4):
 PSYoungGen      total 10240K, used 320K [0x00000000d5580000, 0x00000000d6180000, 0x0000000100000000)
  eden space 9728K, 0% used [0x00000000d5580000,0x00000000d5580000,0x00000000d5f00000)
  from space 512K, 62% used [0x00000000d5f00000,0x00000000d5f50000,0x00000000d5f80000)
  to   space 512K, 0% used [0x00000000d6100000,0x00000000d6100000,0x00000000d6180000)
 ParOldGen       total 750592K, used 750116K [0x0000000080000000, 0x00000000add00000, 0x00000000d5580000)
  object space 750592K, 99% used [0x0000000080000000,0x00000000adc892d8,0x00000000add00000)
 Metaspace       used 79300K, committed 81024K, reserved 1179648K
  class space    used 9702K, committed 10496K, reserved 1048576K
}
Event: 187.513 GC heap before
{Heap before GC invocations=2853 (full 4):
 PSYoungGen      total 10240K, used 10048K [0x00000000d5580000, 0x00000000d6180000, 0x0000000100000000)
  eden space 9728K, 100% used [0x00000000d5580000,0x00000000d5f00000,0x00000000d5f00000)
  from space 512K, 62% used [0x00000000d5f00000,0x00000000d5f50000,0x00000000d5f80000)
  to   space 512K, 0% used [0x00000000d6100000,0x00000000d6100000,0x00000000d6180000)
 ParOldGen       total 750592K, used 750116K [0x0000000080000000, 0x00000000add00000, 0x00000000d5580000)
  object space 750592K, 99% used [0x0000000080000000,0x00000000adc892d8,0x00000000add00000)
 Metaspace       used 79300K, committed 81024K, reserved 1179648K
  class space    used 9702K, committed 10496K, reserved 1048576K
}
Event: 187.514 GC heap after
{Heap after GC invocations=2853 (full 4):
 PSYoungGen      total 10240K, used 320K [0x00000000d5580000, 0x00000000d6180000, 0x0000000100000000)
  eden space 9728K, 0% used [0x00000000d5580000,0x00000000d5580000,0x00000000d5f00000)
  from space 512K, 62% used [0x00000000d6100000,0x00000000d6150000,0x00000000d6180000)
  to   space 512K, 0% used [0x00000000d5f00000,0x00000000d5f00000,0x00000000d5f80000)
 ParOldGen       total 750592K, used 750188K [0x0000000080000000, 0x00000000add00000, 0x00000000d5580000)
  object space 750592K, 99% used [0x0000000080000000,0x00000000adc9b2d8,0x00000000add00000)
 Metaspace       used 79300K, committed 81024K, reserved 1179648K
  class space    used 9702K, committed 10496K, reserved 1048576K
}
Event: 187.827 GC heap before
{Heap before GC invocations=2854 (full 4):
 PSYoungGen      total 10240K, used 10048K [0x00000000d5580000, 0x00000000d6180000, 0x0000000100000000)
  eden space 9728K, 100% used [0x00000000d5580000,0x00000000d5f00000,0x00000000d5f00000)
  from space 512K, 62% used [0x00000000d6100000,0x00000000d6150000,0x00000000d6180000)
  to   space 512K, 0% used [0x00000000d5f00000,0x00000000d5f00000,0x00000000d5f80000)
 ParOldGen       total 750592K, used 750188K [0x0000000080000000, 0x00000000add00000, 0x00000000d5580000)
  object space 750592K, 99% used [0x0000000080000000,0x00000000adc9b2d8,0x00000000add00000)
 Metaspace       used 79370K, committed 81088K, reserved 1179648K
  class space    used 9715K, committed 10496K, reserved 1048576K
}
Event: 187.829 GC heap after
{Heap after GC invocations=2854 (full 4):
 PSYoungGen      total 10240K, used 384K [0x00000000d5580000, 0x00000000d6180000, 0x0000000100000000)
  eden space 9728K, 0% used [0x00000000d5580000,0x00000000d5580000,0x00000000d5f00000)
  from space 512K, 75% used [0x00000000d5f00000,0x00000000d5f60000,0x00000000d5f80000)
  to   space 512K, 0% used [0x00000000d6100000,0x00000000d6100000,0x00000000d6180000)
 ParOldGen       total 750592K, used 750244K [0x0000000080000000, 0x00000000add00000, 0x00000000d5580000)
  object space 750592K, 99% used [0x0000000080000000,0x00000000adca92d8,0x00000000add00000)
 Metaspace       used 79370K, committed 81088K, reserved 1179648K
  class space    used 9715K, committed 10496K, reserved 1048576K
}
Event: 188.039 GC heap before
{Heap before GC invocations=2855 (full 4):
 PSYoungGen      total 10240K, used 10112K [0x00000000d5580000, 0x00000000d6180000, 0x0000000100000000)
  eden space 9728K, 100% used [0x00000000d5580000,0x00000000d5f00000,0x00000000d5f00000)
  from space 512K, 75% used [0x00000000d5f00000,0x00000000d5f60000,0x00000000d5f80000)
  to   space 512K, 0% used [0x00000000d6100000,0x00000000d6100000,0x00000000d6180000)
 ParOldGen       total 750592K, used 750244K [0x0000000080000000, 0x00000000add00000, 0x00000000d5580000)
  object space 750592K, 99% used [0x0000000080000000,0x00000000adca92d8,0x00000000add00000)
 Metaspace       used 79527K, committed 81280K, reserved 1179648K
  class space    used 9733K, committed 10560K, reserved 1048576K
}
Event: 188.042 GC heap after
{Heap after GC invocations=2855 (full 4):
 PSYoungGen      total 10240K, used 448K [0x00000000d5580000, 0x00000000d6180000, 0x0000000100000000)
  eden space 9728K, 0% used [0x00000000d5580000,0x00000000d5580000,0x00000000d5f00000)
  from space 512K, 87% used [0x00000000d6100000,0x00000000d6170020,0x00000000d6180000)
  to   space 512K, 0% used [0x00000000d5f00000,0x00000000d5f00000,0x00000000d5f80000)
 ParOldGen       total 750592K, used 750396K [0x0000000080000000, 0x00000000add00000, 0x00000000d5580000)
  object space 750592K, 99% used [0x0000000080000000,0x00000000adccf2d8,0x00000000add00000)
 Metaspace       used 79527K, committed 81280K, reserved 1179648K
  class space    used 9733K, committed 10560K, reserved 1048576K
}
Event: 188.144 GC heap before
{Heap before GC invocations=2856 (full 4):
 PSYoungGen      total 10240K, used 10176K [0x00000000d5580000, 0x00000000d6180000, 0x0000000100000000)
  eden space 9728K, 100% used [0x00000000d5580000,0x00000000d5f00000,0x00000000d5f00000)
  from space 512K, 87% used [0x00000000d6100000,0x00000000d6170020,0x00000000d6180000)
  to   space 512K, 0% used [0x00000000d5f00000,0x00000000d5f00000,0x00000000d5f80000)
 ParOldGen       total 750592K, used 750396K [0x0000000080000000, 0x00000000add00000, 0x00000000d5580000)
  object space 750592K, 99% used [0x0000000080000000,0x00000000adccf2d8,0x00000000add00000)
 Metaspace       used 79935K, committed 81728K, reserved 1179648K
  class space    used 9774K, committed 10624K, reserved 1048576K
}
Event: 188.147 GC heap after
{Heap after GC invocations=2856 (full 4):
 PSYoungGen      total 10240K, used 480K [0x00000000d5580000, 0x00000000d6180000, 0x0000000100000000)
  eden space 9728K, 0% used [0x00000000d5580000,0x00000000d5580000,0x00000000d5f00000)
  from space 512K, 93% used [0x00000000d5f00000,0x00000000d5f78050,0x00000000d5f80000)
  to   space 1024K, 0% used [0x00000000d6080000,0x00000000d6080000,0x00000000d6180000)
 ParOldGen       total 750592K, used 750476K [0x0000000080000000, 0x00000000add00000, 0x00000000d5580000)
  object space 750592K, 99% used [0x0000000080000000,0x00000000adce32f8,0x00000000add00000)
 Metaspace       used 79935K, committed 81728K, reserved 1179648K
  class space    used 9774K, committed 10624K, reserved 1048576K
}
Event: 188.406 GC heap before
{Heap before GC invocations=2857 (full 4):
 PSYoungGen      total 10240K, used 10208K [0x00000000d5580000, 0x00000000d6180000, 0x0000000100000000)
  eden space 9728K, 100% used [0x00000000d5580000,0x00000000d5f00000,0x00000000d5f00000)
  from space 512K, 93% used [0x00000000d5f00000,0x00000000d5f78050,0x00000000d5f80000)
  to   space 1024K, 0% used [0x00000000d6080000,0x00000000d6080000,0x00000000d6180000)
 ParOldGen       total 750592K, used 750476K [0x0000000080000000, 0x00000000add00000, 0x00000000d5580000)
  object space 750592K, 99% used [0x0000000080000000,0x00000000adce32f8,0x00000000add00000)
 Metaspace       used 79979K, committed 81728K, reserved 1179648K
  class space    used 9776K, committed 10624K, reserved 1048576K
}
Event: 188.408 GC heap after
{Heap after GC invocations=2857 (full 4):
 PSYoungGen      total 10240K, used 400K [0x00000000d5580000, 0x00000000d6100000, 0x0000000100000000)
  eden space 9728K, 0% used [0x00000000d5580000,0x00000000d5580000,0x00000000d5f00000)
  from space 512K, 78% used [0x00000000d6080000,0x00000000d60e4010,0x00000000d6100000)
  to   space 512K, 0% used [0x00000000d5f00000,0x00000000d5f00000,0x00000000d5f80000)
 ParOldGen       total 751104K, used 750852K [0x0000000080000000, 0x00000000add80000, 0x00000000d5580000)
  object space 751104K, 99% used [0x0000000080000000,0x00000000add41358,0x00000000add80000)
 Metaspace       used 79979K, committed 81728K, reserved 1179648K
  class space    used 9776K, committed 10624K, reserved 1048576K
}
Event: 189.038 GC heap before
{Heap before GC invocations=2858 (full 4):
 PSYoungGen      total 10240K, used 10128K [0x00000000d5580000, 0x00000000d6100000, 0x0000000100000000)
  eden space 9728K, 100% used [0x00000000d5580000,0x00000000d5f00000,0x00000000d5f00000)
  from space 512K, 78% used [0x00000000d6080000,0x00000000d60e4010,0x00000000d6100000)
  to   space 512K, 0% used [0x00000000d5f00000,0x00000000d5f00000,0x00000000d5f80000)
 ParOldGen       total 751104K, used 750852K [0x0000000080000000, 0x00000000add80000, 0x00000000d5580000)
  object space 751104K, 99% used [0x0000000080000000,0x00000000add41358,0x00000000add80000)
 Metaspace       used 80034K, committed 81856K, reserved 1179648K
  class space    used 9777K, committed 10624K, reserved 1048576K
}
Event: 189.041 GC heap after
{Heap after GC invocations=2858 (full 4):
 PSYoungGen      total 10240K, used 480K [0x00000000d5580000, 0x00000000d6100000, 0x0000000100000000)
  eden space 9728K, 0% used [0x00000000d5580000,0x00000000d5580000,0x00000000d5f00000)
  from space 512K, 93% used [0x00000000d5f00000,0x00000000d5f78020,0x00000000d5f80000)
  to   space 512K, 0% used [0x00000000d6080000,0x00000000d6080000,0x00000000d6100000)
 ParOldGen       total 751104K, used 750860K [0x0000000080000000, 0x00000000add80000, 0x00000000d5580000)
  object space 751104K, 99% used [0x0000000080000000,0x00000000add43358,0x00000000add80000)
 Metaspace       used 80034K, committed 81856K, reserved 1179648K
  class space    used 9777K, committed 10624K, reserved 1048576K
}

