# JRE version: OpenJDK Runtime Environment Temurin-17.0.17+10 (17.0.17+10) (build 17.0.17+10)
# Java VM: OpenJDK 64-Bit Server VM Temurin-17.0.17+10 (17.0.17+10, mixed mode, sharing, tiered, compressed oops, compressed class ptrs, g1 gc, windows-amd64)
GC Precious Log:
 CPUs: 12 total, 12 available
 Memory: 7498M
 Large Page Support: Disabled
 NUMA Support: Disabled
 Compressed Oops: Enabled (32-bit)
 Heap Region Size: 1M
 Heap Min Capacity: 8M
 Heap Initial Capacity: 118M
 Heap Max Capacity: 2G
 Pre-touch: Disabled
 Parallel Workers: 10
 Concurrent Workers: 3
 Concurrent Refinement Workers: 10
 Periodic GC: Disabled
Heap:
 garbage-first heap   total 399360K, used 313433K [0x0000000080000000, 0x0000000100000000)
  region size 1024K, 14 young (14336K), 1 survivors (1024K)
 Metaspace       used 148115K, committed 149952K, reserved 557056K
  class space    used 20241K, committed 21120K, reserved 425984K
GC Heap History (20 events):
Event: 102.056 GC heap before
{Heap before GC invocations=116 (full 0):
 garbage-first heap   total 399360K, used 353682K [0x0000000080000000, 0x0000000100000000)
  region size 1024K, 61 young (62464K), 3 survivors (3072K)
 Metaspace       used 145089K, committed 146944K, reserved 557056K
  class space    used 19799K, committed 20672K, reserved 425984K
}
Event: 102.064 GC heap after
{Heap after GC invocations=117 (full 0):
 garbage-first heap   total 399360K, used 294631K [0x0000000080000000, 0x0000000100000000)
  region size 1024K, 3 young (3072K), 3 survivors (3072K)
 Metaspace       used 145089K, committed 146944K, reserved 557056K
  class space    used 19799K, committed 20672K, reserved 425984K
}
Event: 102.372 GC heap before
{Heap before GC invocations=117 (full 0):
 garbage-first heap   total 399360K, used 355047K [0x0000000080000000, 0x0000000100000000)
  region size 1024K, 62 young (63488K), 3 survivors (3072K)
 Metaspace       used 145133K, committed 147008K, reserved 557056K
  class space    used 19801K, committed 20672K, reserved 425984K
}
Event: 102.376 GC heap after
{Heap after GC invocations=118 (full 0):
 garbage-first heap   total 399360K, used 295033K [0x0000000080000000, 0x0000000100000000)
  region size 1024K, 4 young (4096K), 4 survivors (4096K)
 Metaspace       used 145133K, committed 147008K, reserved 557056K
  class space    used 19801K, committed 20672K, reserved 425984K
}
Event: 102.835 GC heap before
{Heap before GC invocations=118 (full 0):
 garbage-first heap   total 399360K, used 353401K [0x0000000080000000, 0x0000000100000000)
  region size 1024K, 61 young (62464K), 4 survivors (4096K)
 Metaspace       used 145142K, committed 147008K, reserved 557056K
  class space    used 19801K, committed 20672K, reserved 425984K
}
Event: 102.884 GC heap after
{Heap after GC invocations=119 (full 0):
 garbage-first heap   total 399360K, used 295255K [0x0000000080000000, 0x0000000100000000)
  region size 1024K, 4 young (4096K), 4 survivors (4096K)
 Metaspace       used 145142K, committed 147008K, reserved 557056K
  class space    used 19801K, committed 20672K, reserved 425984K
}
Event: 103.308 GC heap before
{Heap before GC invocations=119 (full 0):
 garbage-first heap   total 399360K, used 352599K [0x0000000080000000, 0x0000000100000000)
  region size 1024K, 61 young (62464K), 4 survivors (4096K)
 Metaspace       used 145157K, committed 147008K, reserved 557056K
  class space    used 19801K, committed 20672K, reserved 425984K
}
Event: 103.312 GC heap after
{Heap after GC invocations=120 (full 0):
 garbage-first heap   total 399360K, used 295592K [0x0000000080000000, 0x0000000100000000)
  region size 1024K, 4 young (4096K), 4 survivors (4096K)
 Metaspace       used 145157K, committed 147008K, reserved 557056K
  class space    used 19801K, committed 20672K, reserved 425984K
}
Event: 103.826 GC heap before
{Heap before GC invocations=120 (full 0):
 garbage-first heap   total 399360K, used 353960K [0x0000000080000000, 0x0000000100000000)
  region size 1024K, 61 young (62464K), 4 survivors (4096K)
 Metaspace       used 145179K, committed 147072K, reserved 557056K
  class space    used 19802K, committed 20672K, reserved 425984K
}
Event: 103.837 GC heap after
{Heap after GC invocations=121 (full 0):
 garbage-first heap   total 399360K, used 295908K [0x0000000080000000, 0x0000000100000000)
  region size 1024K, 4 young (4096K), 4 survivors (4096K)
 Metaspace       used 145179K, committed 147072K, reserved 557056K
  class space    used 19802K, committed 20672K, reserved 425984K
}
Event: 104.281 GC heap before
{Heap before GC invocations=121 (full 0):
 garbage-first heap   total 399360K, used 354276K [0x0000000080000000, 0x0000000100000000)
  region size 1024K, 61 young (62464K), 4 survivors (4096K)
 Metaspace       used 145226K, committed 147136K, reserved 557056K
  class space    used 19812K, committed 20736K, reserved 425984K
}
Event: 104.287 GC heap after
{Heap after GC invocations=122 (full 0):
 garbage-first heap   total 399360K, used 296223K [0x0000000080000000, 0x0000000100000000)
  region size 1024K, 5 young (5120K), 5 survivors (5120K)
 Metaspace       used 145226K, committed 147136K, reserved 557056K
  class space    used 19812K, committed 20736K, reserved 425984K
}
Event: 120.757 GC heap before
{Heap before GC invocations=122 (full 0):
 garbage-first heap   total 399360K, used 352543K [0x0000000080000000, 0x0000000100000000)
  region size 1024K, 60 young (61440K), 5 survivors (5120K)
 Metaspace       used 147121K, committed 148992K, reserved 557056K
  class space    used 20134K, committed 21056K, reserved 425984K
}
Event: 121.188 GC heap after
{Heap after GC invocations=123 (full 0):
 garbage-first heap   total 399360K, used 300134K [0x0000000080000000, 0x0000000100000000)
  region size 1024K, 8 young (8192K), 8 survivors (8192K)
 Metaspace       used 147121K, committed 148992K, reserved 557056K
  class space    used 20134K, committed 21056K, reserved 425984K
}
Event: 123.881 GC heap before
{Heap before GC invocations=123 (full 0):
 garbage-first heap   total 399360K, used 352358K [0x0000000080000000, 0x0000000100000000)
  region size 1024K, 57 young (58368K), 8 survivors (8192K)
 Metaspace       used 148016K, committed 149888K, reserved 557056K
  class space    used 20240K, committed 21120K, reserved 425984K
}
Event: 123.923 GC heap after
{Heap after GC invocations=124 (full 0):
 garbage-first heap   total 399360K, used 302459K [0x0000000080000000, 0x0000000100000000)
  region size 1024K, 5 young (5120K), 5 survivors (5120K)
 Metaspace       used 148016K, committed 149888K, reserved 557056K
  class space    used 20240K, committed 21120K, reserved 425984K
}
Event: 124.933 GC heap before
{Heap before GC invocations=124 (full 0):
 garbage-first heap   total 399360K, used 349563K [0x0000000080000000, 0x0000000100000000)
  region size 1024K, 52 young (53248K), 5 survivors (5120K)
 Metaspace       used 148075K, committed 149952K, reserved 557056K
  class space    used 20240K, committed 21120K, reserved 425984K
}
Event: 124.941 GC heap after
{Heap after GC invocations=125 (full 0):
 garbage-first heap   total 399360K, used 302829K [0x0000000080000000, 0x0000000100000000)
  region size 1024K, 1 young (1024K), 1 survivors (1024K)
 Metaspace       used 148075K, committed 149952K, reserved 557056K
  class space    used 20240K, committed 21120K, reserved 425984K
}
Event: 126.606 GC heap before
{Heap before GC invocations=125 (full 0):
 garbage-first heap   total 399360K, used 350957K [0x0000000080000000, 0x0000000100000000)
  region size 1024K, 49 young (50176K), 1 survivors (1024K)
 Metaspace       used 148100K, committed 149952K, reserved 557056K
  class space    used 20240K, committed 21120K, reserved 425984K
}
Event: 126.658 GC heap after
{Heap after GC invocations=126 (full 0):
 garbage-first heap   total 399360K, used 302169K [0x0000000080000000, 0x0000000100000000)
  region size 1024K, 1 young (1024K), 1 survivors (1024K)
 Metaspace       used 148100K, committed 149952K, reserved 557056K
  class space    used 20240K, committed 21120K, reserved 425984K
}

